<?xml version="1.0" encoding="UTF-8"?>
<testsuite xmlns:xsi="http://www.w3.org/2001/XMLSchema-instance" xsi:noNamespaceSchemaLocation="https://maven.apache.org/surefire/maven-surefire-plugin/xsd/surefire-test-report.xsd" version="3.0.1" name="com.example.ShoppingCartTest" time="0.074" tests="3" errors="0" skipped="0" failures="0">
  <properties>
[...]
</properties>
  <testcase name="shouldHandleEmptyCart" classname="com.example.ShoppingCartTest" time="0.034"/>
  <testcase name="shouldIgnoreNullProduct" classname="com.example.ShoppingCartTest" time="0.001"/>
  <testcase name="shouldCalculateTotalPriceWithoutPromotions" classname="com.example.ShoppingCartTest" time="0.001"/>
</testsuite>